<?xml version="1.0" encoding="UTF-8"?>
<!-- Generated by org.testng.reporters.JUnitXMLReporter -->
<testsuite hostname="DESKTOP-8RB6N7I" ignored="0" name="Test" tests="2" failures="1" timestamp="04 Dec 2018 14:23:22 GMT" time="0.033" errors="0">
  <testcase name="TC1" time="0.008" classname="FailedTC.TC1"/>
  <testcase name="TC2" time="0.001" classname="FailedTC.TC1">
    <failure type="java.lang.ArithmeticException" message="/ by zero">
      <![CDATA[java.lang.ArithmeticException: / by zero
at FailedTC.TC1.TC2(TC1.java:15)
... Removed 25 stack frames]]>
    </failure>
  </testcase> <!-- TC2 -->
</testsuite> <!-- Test -->
